This file contains any messages produced by compilers while
running configure, to aid debugging if configure makes a mistake.

It was created by rhasspy-microphone-pyaudio-hermes configure 0.1.0, which was
generated by GNU Autoconf 2.69.  Invocation command line was

  $ ./configure --enable-in-place

## --------- ##
## Platform. ##
## --------- ##

hostname = DrStrangelove
uname -m = x86_64
uname -r = 4.15.0-101-generic
uname -s = Linux
uname -v = #102-Ubuntu SMP Mon May 11 10:07:26 UTC 2020

/usr/bin/uname -p = unknown
/bin/uname -X     = unknown

/bin/arch              = unknown
/usr/bin/arch -k       = unknown
/usr/convex/getsysinfo = unknown
/usr/bin/hostinfo      = unknown
/bin/machine           = unknown
/usr/bin/oslevel       = unknown
/bin/universe          = unknown

PATH: /home/hansenm/.local/bin
PATH: /home/hansenm/bin
PATH: /usr/local/sbin
PATH: /usr/local/bin
PATH: /usr/sbin
PATH: /usr/bin
PATH: /sbin
PATH: /bin
PATH: /usr/games
PATH: /usr/local/games
PATH: /usr/local/cuda/bin


## ----------- ##
## Core tests. ##
## ----------- ##

configure:2125: checking for python3
configure:2155: result: /usr/local/bin/python3.7
configure:2170: checking if Python >= '3.7.0'
configure:2207: chmod +x conftest.py && cp conftest.py conftest >&5
configure:2207: $? = 0
configure:2207: ./conftest
configure:2207: $? = 0
configure:2223: result: yes
configure:2233: checking if Python <= '4.0'
configure:2270: chmod +x conftest.py && cp conftest.py conftest >&5
configure:2270: $? = 0
configure:2270: ./conftest
configure:2270: $? = 0
configure:2286: result: yes
configure:2336: checking build system type
configure:2350: result: x86_64-pc-linux-gnu
configure:2370: checking host system type
configure:2383: result: x86_64-pc-linux-gnu
configure:2417: checking for a BSD-compatible install
configure:2485: result: /usr/bin/install -c
configure:2496: checking for a thread-safe mkdir -p
configure:2535: result: /bin/mkdir -p
configure:2586: checking for gcc
configure:2602: found /usr/bin/gcc
configure:2613: result: gcc
configure:2842: checking for C compiler version
configure:2851: gcc --version >&5
gcc (Ubuntu 7.5.0-3ubuntu1~18.04) 7.5.0
Copyright (C) 2017 Free Software Foundation, Inc.
This is free software; see the source for copying conditions.  There is NO
warranty; not even for MERCHANTABILITY or FITNESS FOR A PARTICULAR PURPOSE.

configure:2862: $? = 0
configure:2851: gcc -v >&5
Using built-in specs.
COLLECT_GCC=gcc
COLLECT_LTO_WRAPPER=/usr/lib/gcc/x86_64-linux-gnu/7/lto-wrapper
OFFLOAD_TARGET_NAMES=nvptx-none
OFFLOAD_TARGET_DEFAULT=1
Target: x86_64-linux-gnu
Configured with: ../src/configure -v --with-pkgversion='Ubuntu 7.5.0-3ubuntu1~18.04' --with-bugurl=file:///usr/share/doc/gcc-7/README.Bugs --enable-languages=c,ada,c++,go,brig,d,fortran,objc,obj-c++ --prefix=/usr --with-gcc-major-version-only --program-suffix=-7 --program-prefix=x86_64-linux-gnu- --enable-shared --enable-linker-build-id --libexecdir=/usr/lib --without-included-gettext --enable-threads=posix --libdir=/usr/lib --enable-nls --enable-bootstrap --enable-clocale=gnu --enable-libstdcxx-debug --enable-libstdcxx-time=yes --with-default-libstdcxx-abi=new --enable-gnu-unique-object --disable-vtable-verify --enable-libmpx --enable-plugin --enable-default-pie --with-system-zlib --with-target-system-zlib --enable-objc-gc=auto --enable-multiarch --disable-werror --with-arch-32=i686 --with-abi=m64 --with-multilib-list=m32,m64,mx32 --enable-multilib --with-tune=generic --enable-offload-targets=nvptx-none --without-cuda-driver --enable-checking=release --build=x86_64-linux-gnu --host=x86_64-linux-gnu --target=x86_64-linux-gnu
Thread model: posix
gcc version 7.5.0 (Ubuntu 7.5.0-3ubuntu1~18.04) 
configure:2862: $? = 0
configure:2851: gcc -V >&5
gcc: error: unrecognized command line option '-V'
gcc: fatal error: no input files
compilation terminated.
configure:2862: $? = 1
configure:2851: gcc -qversion >&5
gcc: error: unrecognized command line option '-qversion'; did you mean '--version'?
gcc: fatal error: no input files
compilation terminated.
configure:2862: $? = 1
configure:2882: checking whether the C compiler works
configure:2904: gcc    conftest.c  >&5
configure:2908: $? = 0
configure:2956: result: yes
configure:2959: checking for C compiler default output file name
configure:2961: result: a.out
configure:2967: checking for suffix of executables
configure:2974: gcc -o conftest    conftest.c  >&5
configure:2978: $? = 0
configure:3000: result: 
configure:3022: checking whether we are cross compiling
configure:3030: gcc -o conftest    conftest.c  >&5
configure:3034: $? = 0
configure:3041: ./conftest
configure:3045: $? = 0
configure:3060: result: no
configure:3065: checking for suffix of object files
configure:3087: gcc -c   conftest.c >&5
configure:3091: $? = 0
configure:3112: result: o
configure:3116: checking whether we are using the GNU C compiler
configure:3135: gcc -c   conftest.c >&5
configure:3135: $? = 0
configure:3144: result: yes
configure:3153: checking whether gcc accepts -g
configure:3173: gcc -c -g  conftest.c >&5
configure:3173: $? = 0
configure:3214: result: yes
configure:3231: checking for gcc option to accept ISO C89
configure:3294: gcc  -c -g -O2  conftest.c >&5
configure:3294: $? = 0
configure:3307: result: none needed
configure:3385: checking for g++
configure:3401: found /usr/bin/g++
configure:3412: result: g++
configure:3439: checking for C++ compiler version
configure:3448: g++ --version >&5
g++ (Ubuntu 7.5.0-3ubuntu1~18.04) 7.5.0
Copyright (C) 2017 Free Software Foundation, Inc.
This is free software; see the source for copying conditions.  There is NO
warranty; not even for MERCHANTABILITY or FITNESS FOR A PARTICULAR PURPOSE.

configure:3459: $? = 0
configure:3448: g++ -v >&5
Using built-in specs.
COLLECT_GCC=g++
COLLECT_LTO_WRAPPER=/usr/lib/gcc/x86_64-linux-gnu/7/lto-wrapper
OFFLOAD_TARGET_NAMES=nvptx-none
OFFLOAD_TARGET_DEFAULT=1
Target: x86_64-linux-gnu
Configured with: ../src/configure -v --with-pkgversion='Ubuntu 7.5.0-3ubuntu1~18.04' --with-bugurl=file:///usr/share/doc/gcc-7/README.Bugs --enable-languages=c,ada,c++,go,brig,d,fortran,objc,obj-c++ --prefix=/usr --with-gcc-major-version-only --program-suffix=-7 --program-prefix=x86_64-linux-gnu- --enable-shared --enable-linker-build-id --libexecdir=/usr/lib --without-included-gettext --enable-threads=posix --libdir=/usr/lib --enable-nls --enable-bootstrap --enable-clocale=gnu --enable-libstdcxx-debug --enable-libstdcxx-time=yes --with-default-libstdcxx-abi=new --enable-gnu-unique-object --disable-vtable-verify --enable-libmpx --enable-plugin --enable-default-pie --with-system-zlib --with-target-system-zlib --enable-objc-gc=auto --enable-multiarch --disable-werror --with-arch-32=i686 --with-abi=m64 --with-multilib-list=m32,m64,mx32 --enable-multilib --with-tune=generic --enable-offload-targets=nvptx-none --without-cuda-driver --enable-checking=release --build=x86_64-linux-gnu --host=x86_64-linux-gnu --target=x86_64-linux-gnu
Thread model: posix
gcc version 7.5.0 (Ubuntu 7.5.0-3ubuntu1~18.04) 
configure:3459: $? = 0
configure:3448: g++ -V >&5
g++: error: unrecognized command line option '-V'
g++: fatal error: no input files
compilation terminated.
configure:3459: $? = 1
configure:3448: g++ -qversion >&5
g++: error: unrecognized command line option '-qversion'; did you mean '--version'?
g++: fatal error: no input files
compilation terminated.
configure:3459: $? = 1
configure:3463: checking whether we are using the GNU C++ compiler
configure:3482: g++ -c   conftest.cpp >&5
configure:3482: $? = 0
configure:3491: result: yes
configure:3500: checking whether g++ accepts -g
configure:3520: g++ -c -g  conftest.cpp >&5
configure:3520: $? = 0
configure:3561: result: yes
configure:3650: checking how to run the C preprocessor
configure:3681: gcc -E  conftest.c
configure:3681: $? = 0
configure:3695: gcc -E  conftest.c
conftest.c:9:10: fatal error: ac_nonexistent.h: No such file or directory
 #include <ac_nonexistent.h>
          ^~~~~~~~~~~~~~~~~~
compilation terminated.
configure:3695: $? = 1
configure: failed program was:
| /* confdefs.h */
| #define PACKAGE_NAME "rhasspy-microphone-pyaudio-hermes"
| #define PACKAGE_TARNAME "rhasspy-microphone-pyaudio-hermes"
| #define PACKAGE_VERSION "0.1.0"
| #define PACKAGE_STRING "rhasspy-microphone-pyaudio-hermes 0.1.0"
| #define PACKAGE_BUGREPORT "mike@rhasspy.org"
| #define PACKAGE_URL ""
| /* end confdefs.h.  */
| #include <ac_nonexistent.h>
configure:3720: result: gcc -E
configure:3740: gcc -E  conftest.c
configure:3740: $? = 0
configure:3754: gcc -E  conftest.c
conftest.c:9:10: fatal error: ac_nonexistent.h: No such file or directory
 #include <ac_nonexistent.h>
          ^~~~~~~~~~~~~~~~~~
compilation terminated.
configure:3754: $? = 1
configure: failed program was:
| /* confdefs.h */
| #define PACKAGE_NAME "rhasspy-microphone-pyaudio-hermes"
| #define PACKAGE_TARNAME "rhasspy-microphone-pyaudio-hermes"
| #define PACKAGE_VERSION "0.1.0"
| #define PACKAGE_STRING "rhasspy-microphone-pyaudio-hermes 0.1.0"
| #define PACKAGE_BUGREPORT "mike@rhasspy.org"
| #define PACKAGE_URL ""
| /* end confdefs.h.  */
| #include <ac_nonexistent.h>
configure:3783: checking for grep that handles long lines and -e
configure:3841: result: /bin/grep
configure:3846: checking for egrep
configure:3908: result: /bin/grep -E
configure:3913: checking for ANSI C header files
configure:3933: gcc -c -g -O2  conftest.c >&5
configure:3933: $? = 0
configure:4006: gcc -o conftest -g -O2   conftest.c  >&5
configure:4006: $? = 0
configure:4006: ./conftest
configure:4006: $? = 0
configure:4017: result: yes
configure:4030: checking for sys/types.h
configure:4030: gcc -c -g -O2  conftest.c >&5
configure:4030: $? = 0
configure:4030: result: yes
configure:4030: checking for sys/stat.h
configure:4030: gcc -c -g -O2  conftest.c >&5
configure:4030: $? = 0
configure:4030: result: yes
configure:4030: checking for stdlib.h
configure:4030: gcc -c -g -O2  conftest.c >&5
configure:4030: $? = 0
configure:4030: result: yes
configure:4030: checking for string.h
configure:4030: gcc -c -g -O2  conftest.c >&5
configure:4030: $? = 0
configure:4030: result: yes
configure:4030: checking for memory.h
configure:4030: gcc -c -g -O2  conftest.c >&5
configure:4030: $? = 0
configure:4030: result: yes
configure:4030: checking for strings.h
configure:4030: gcc -c -g -O2  conftest.c >&5
configure:4030: $? = 0
configure:4030: result: yes
configure:4030: checking for inttypes.h
configure:4030: gcc -c -g -O2  conftest.c >&5
configure:4030: $? = 0
configure:4030: result: yes
configure:4030: checking for stdint.h
configure:4030: gcc -c -g -O2  conftest.c >&5
configure:4030: $? = 0
configure:4030: result: yes
configure:4030: checking for unistd.h
configure:4030: gcc -c -g -O2  conftest.c >&5
configure:4030: $? = 0
configure:4030: result: yes
configure:4241: creating ./config.status

## ---------------------- ##
## Running config.status. ##
## ---------------------- ##

This file was extended by rhasspy-microphone-pyaudio-hermes config.status 0.1.0, which was
generated by GNU Autoconf 2.69.  Invocation command line was

  CONFIG_FILES    = 
  CONFIG_HEADERS  = 
  CONFIG_LINKS    = 
  CONFIG_COMMANDS = 
  $ ./config.status 

on DrStrangelove

config.status:748: creating Makefile
config.status:748: creating rhasspy-microphone-pyaudio-hermes

## ---------------- ##
## Cache variables. ##
## ---------------- ##

ac_cv_build=x86_64-pc-linux-gnu
ac_cv_c_compiler_gnu=yes
ac_cv_cxx_compiler_gnu=yes
ac_cv_env_CCC_set=
ac_cv_env_CCC_value=
ac_cv_env_CC_set=
ac_cv_env_CC_value=
ac_cv_env_CFLAGS_set=
ac_cv_env_CFLAGS_value=
ac_cv_env_CPPFLAGS_set=
ac_cv_env_CPPFLAGS_value=
ac_cv_env_CPP_set=
ac_cv_env_CPP_value=
ac_cv_env_CXXFLAGS_set=
ac_cv_env_CXXFLAGS_value=
ac_cv_env_CXX_set=
ac_cv_env_CXX_value=
ac_cv_env_LDFLAGS_set=
ac_cv_env_LDFLAGS_value=
ac_cv_env_LIBS_set=
ac_cv_env_LIBS_value=
ac_cv_env_PYTHON_set=set
ac_cv_env_PYTHON_value=/usr/local/bin/python3.7
ac_cv_env_VIRTUALENV_FLAGS_set=
ac_cv_env_VIRTUALENV_FLAGS_value=
ac_cv_env_build_alias_set=
ac_cv_env_build_alias_value=
ac_cv_env_host_alias_set=
ac_cv_env_host_alias_value=
ac_cv_env_target_alias_set=
ac_cv_env_target_alias_value=
ac_cv_header_inttypes_h=yes
ac_cv_header_memory_h=yes
ac_cv_header_stdc=yes
ac_cv_header_stdint_h=yes
ac_cv_header_stdlib_h=yes
ac_cv_header_string_h=yes
ac_cv_header_strings_h=yes
ac_cv_header_sys_stat_h=yes
ac_cv_header_sys_types_h=yes
ac_cv_header_unistd_h=yes
ac_cv_host=x86_64-pc-linux-gnu
ac_cv_objext=o
ac_cv_path_EGREP='/bin/grep -E'
ac_cv_path_GREP=/bin/grep
ac_cv_path_PYTHON=/usr/local/bin/python3.7
ac_cv_path_install='/usr/bin/install -c'
ac_cv_path_mkdir=/bin/mkdir
ac_cv_prog_CPP='gcc -E'
ac_cv_prog_ac_ct_CC=gcc
ac_cv_prog_ac_ct_CXX=g++
ac_cv_prog_cc_c89=
ac_cv_prog_cc_g=yes
ac_cv_prog_cxx_g=yes
pc_cv_python_req_version_3_7_0=yes
pc_cv_python_req_version_4_0=yes

## ----------------- ##
## Output variables. ##
## ----------------- ##

CC='gcc'
CFLAGS='-g -O2'
CPP='gcc -E'
CPPFLAGS=''
CXX='g++'
CXXFLAGS='-g -O2'
DEFS='-DPACKAGE_NAME=\"rhasspy-microphone-pyaudio-hermes\" -DPACKAGE_TARNAME=\"rhasspy-microphone-pyaudio-hermes\" -DPACKAGE_VERSION=\"0.1.0\" -DPACKAGE_STRING=\"rhasspy-microphone-pyaudio-hermes\ 0.1.0\" -DPACKAGE_BUGREPORT=\"mike@rhasspy.org\" -DPACKAGE_URL=\"\" -DSTDC_HEADERS=1 -DHAVE_SYS_TYPES_H=1 -DHAVE_SYS_STAT_H=1 -DHAVE_STDLIB_H=1 -DHAVE_STRING_H=1 -DHAVE_MEMORY_H=1 -DHAVE_STRINGS_H=1 -DHAVE_INTTYPES_H=1 -DHAVE_STDINT_H=1 -DHAVE_UNISTD_H=1'
DOCKER_ARCH='amd64'
ECHO_C=''
ECHO_N='-n'
ECHO_T=''
EGREP='/bin/grep -E'
EXEEXT=''
GREP='/bin/grep'
INSTALL_DATA='${INSTALL} -m 644'
INSTALL_PROGRAM='${INSTALL}'
INSTALL_SCRIPT='${INSTALL}'
IN_PLACE='yes'
LDFLAGS=''
LIBOBJS=''
LIBS=''
LTLIBOBJS=''
MKDIR_P='/bin/mkdir -p'
OBJEXT='o'
PACKAGE_BUGREPORT='mike@rhasspy.org'
PACKAGE_NAME='rhasspy-microphone-pyaudio-hermes'
PACKAGE_STRING='rhasspy-microphone-pyaudio-hermes 0.1.0'
PACKAGE_TARNAME='rhasspy-microphone-pyaudio-hermes'
PACKAGE_URL=''
PACKAGE_VERSION='0.1.0'
PATH_SEPARATOR=':'
PYTHON='/usr/local/bin/python3.7'
SHELL='/bin/bash'
VIRTUALENV='yes'
VIRTUALENV_FLAGS=''
ac_ct_CC='gcc'
ac_ct_CXX='g++'
bindir='${exec_prefix}/bin'
build='x86_64-pc-linux-gnu'
build_alias=''
build_cpu='x86_64'
build_os='linux-gnu'
build_vendor='pc'
datadir='${datarootdir}'
datarootdir='${prefix}/share'
docdir='${datarootdir}/doc/${PACKAGE_TARNAME}'
dvidir='${docdir}'
exec_prefix='${prefix}'
host='x86_64-pc-linux-gnu'
host_alias=''
host_cpu='x86_64'
host_os='linux-gnu'
host_vendor='pc'
htmldir='${docdir}'
includedir='${prefix}/include'
infodir='${datarootdir}/info'
libdir='${exec_prefix}/lib'
libexecdir='${exec_prefix}/libexec'
localedir='${datarootdir}/locale'
localstatedir='${prefix}/var'
mandir='${datarootdir}/man'
oldincludedir='/usr/include'
pdfdir='${docdir}'
prefix='/home/hansenm/opt/rhasspy-voltron/rhasspy-microphone-pyaudio-hermes/.venv'
program_transform_name='s,x,x,'
psdir='${docdir}'
runstatedir='${localstatedir}/run'
sbindir='${exec_prefix}/sbin'
sharedstatedir='${prefix}/com'
sysconfdir='${prefix}/etc'
target_alias=''

## ----------- ##
## confdefs.h. ##
## ----------- ##

/* confdefs.h */
#define PACKAGE_NAME "rhasspy-microphone-pyaudio-hermes"
#define PACKAGE_TARNAME "rhasspy-microphone-pyaudio-hermes"
#define PACKAGE_VERSION "0.1.0"
#define PACKAGE_STRING "rhasspy-microphone-pyaudio-hermes 0.1.0"
#define PACKAGE_BUGREPORT "mike@rhasspy.org"
#define PACKAGE_URL ""
#define STDC_HEADERS 1
#define HAVE_SYS_TYPES_H 1
#define HAVE_SYS_STAT_H 1
#define HAVE_STDLIB_H 1
#define HAVE_STRING_H 1
#define HAVE_MEMORY_H 1
#define HAVE_STRINGS_H 1
#define HAVE_INTTYPES_H 1
#define HAVE_STDINT_H 1
#define HAVE_UNISTD_H 1

configure: exit 0
